[0m13:04:43.127062 [debug] [MainThread]: Sending event: {'category': 'dbt', 'action': 'invocation', 'label': 'start', 'context': [<snowplow_tracker.self_describing_json.SelfDescribingJson object at 0x0000015A9D2A30D0>, <snowplow_tracker.self_describing_json.SelfDescribingJson object at 0x0000015A9D2B0BD0>, <snowplow_tracker.self_describing_json.SelfDescribingJson object at 0x0000015A9D2B1810>]}


============================== 13:04:43.131390 | 6643cf30-99d3-45a4-9a4e-077326fb5767 ==============================
[0m13:04:43.131390 [info ] [MainThread]: Running with dbt=1.10.0-b2
[0m13:04:43.132372 [debug] [MainThread]: running dbt with arguments {'printer_width': '80', 'indirect_selection': 'eager', 'write_json': 'True', 'log_cache_events': 'False', 'partial_parse': 'True', 'cache_selected_only': 'False', 'warn_error': 'None', 'version_check': 'True', 'fail_fast': 'False', 'log_path': 'logs', 'profiles_dir': 'C:\\Users\\oresc\\.dbt', 'debug': 'False', 'use_colors': 'True', 'use_experimental_parser': 'False', 'empty': 'None', 'quiet': 'False', 'no_print': 'None', 'log_format': 'default', 'invocation_command': 'dbt init', 'warn_error_options': 'WarnErrorOptions(include=[], exclude=[])', 'static_parser': 'True', 'target_path': 'None', 'introspect': 'True', 'send_anonymous_usage_stats': 'True'}
[0m13:04:43.155532 [info ] [MainThread]: Creating dbt configuration folder at C:\Users\oresc\.dbt
[0m13:05:06.567801 [debug] [MainThread]: Starter project path: C:\Users\oresc\PycharmProjects\dw-project\.venv\Lib\site-packages\dbt\include\starter_project
[0m13:05:06.595176 [info ] [MainThread]: 
Your new dbt project "dbt_redshift_dw" was created!

For more information on how to configure the profiles.yml file,
please consult the dbt documentation here:

  https://docs.getdbt.com/docs/configure-your-profile

One more thing:

Need help? Don't hesitate to reach out to us via GitHub issues or on Slack:

  https://community.getdbt.com/

Happy modeling!

[0m13:05:06.596174 [info ] [MainThread]: Setting up your profile.
[0m13:06:04.730936 [debug] [MainThread]: Redshift adapter: Setting redshift_connector to ERROR
[0m13:06:04.731938 [debug] [MainThread]: Redshift adapter: Setting redshift_connector.core to ERROR
[0m13:14:23.646239 [info ] [MainThread]: Profile dbt_redshift_dw written to C:\Users\oresc\.dbt\profiles.yml using target's profile_template.yml and your supplied values. Run 'dbt debug' to validate the connection.
[0m13:14:23.647747 [debug] [MainThread]: Command `dbt init` succeeded at 13:14:23.647747 after 580.60 seconds
[0m13:14:23.647747 [debug] [MainThread]: Sending event: {'category': 'dbt', 'action': 'invocation', 'label': 'end', 'context': [<snowplow_tracker.self_describing_json.SelfDescribingJson object at 0x0000015A9D2ED3D0>, <snowplow_tracker.self_describing_json.SelfDescribingJson object at 0x0000015A9D2EFD10>, <snowplow_tracker.self_describing_json.SelfDescribingJson object at 0x0000015A968BFE90>]}
[0m13:14:23.648753 [debug] [MainThread]: Flushing usage events
[0m13:14:24.532043 [debug] [MainThread]: An error was encountered while trying to flush usage events
